0 info it worked if it ends with ok
1 verbose cli [ '/usr/local/bin/node', '/usr/local/bin/npm', 'start' ]
2 info using npm@3.10.10
3 info using node@v6.9.5
4 verbose run-script [ 'prestart', 'start', 'poststart' ]
5 info lifecycle movie_demo@1.0.0~prestart: movie_demo@1.0.0
6 silly lifecycle movie_demo@1.0.0~prestart: no script for prestart, continuing
7 info lifecycle movie_demo@1.0.0~start: movie_demo@1.0.0
8 verbose lifecycle movie_demo@1.0.0~start: unsafe-perm in lifecycle true
9 verbose lifecycle movie_demo@1.0.0~start: PATH: /usr/local/lib/node_modules/npm/bin/node-gyp-bin:/Users/zhouxiaofan/blog_demo/node_modules/.bin:/bin:/usr/local/sbin:/usr/local/bin:/usr/bin:/bin:/usr/sbin:/sbinVA_HOME=/Library/Java/JavaVirtualMachines/jdk1.8.0_60.jdk/Contents/Home:.:/Users/zhouxiaofan/.rvm/bin
10 verbose lifecycle movie_demo@1.0.0~start: CWD: /Users/zhouxiaofan/blog_demo
11 silly lifecycle movie_demo@1.0.0~start: Args: [ '-c', 'run-p sass webpack dev' ]
12 silly lifecycle movie_demo@1.0.0~start: Returned: code: 1  signal: null
13 info lifecycle movie_demo@1.0.0~start: Failed to exec start script
14 verbose stack Error: movie_demo@1.0.0 start: `run-p sass webpack dev`
14 verbose stack Exit status 1
14 verbose stack     at EventEmitter.<anonymous> (/usr/local/lib/node_modules/npm/lib/utils/lifecycle.js:255:16)
14 verbose stack     at emitTwo (events.js:106:13)
14 verbose stack     at EventEmitter.emit (events.js:191:7)
14 verbose stack     at ChildProcess.<anonymous> (/usr/local/lib/node_modules/npm/lib/utils/spawn.js:40:14)
14 verbose stack     at emitTwo (events.js:106:13)
14 verbose stack     at ChildProcess.emit (events.js:191:7)
14 verbose stack     at maybeClose (internal/child_process.js:877:16)
14 verbose stack     at Process.ChildProcess._handle.onexit (internal/child_process.js:226:5)
15 verbose pkgid movie_demo@1.0.0
16 verbose cwd /Users/zhouxiaofan/blog_demo
17 error Darwin 16.3.0
18 error argv "/usr/local/bin/node" "/usr/local/bin/npm" "start"
19 error node v6.9.5
20 error npm  v3.10.10
21 error code ELIFECYCLE
22 error movie_demo@1.0.0 start: `run-p sass webpack dev`
22 error Exit status 1
23 error Failed at the movie_demo@1.0.0 start script 'run-p sass webpack dev'.
23 error Make sure you have the latest version of node.js and npm installed.
23 error If you do, this is most likely a problem with the movie_demo package,
23 error not with npm itself.
23 error Tell the author that this fails on your system:
23 error     run-p sass webpack dev
23 error You can get information on how to open an issue for this project with:
23 error     npm bugs movie_demo
23 error Or if that isn't available, you can get their info via:
23 error     npm owner ls movie_demo
23 error There is likely additional logging output above.
24 verbose exit [ 1, true ]
